Arguments: 
  C:\Program Files\nodejs\node.exe C:\Users\DogCststar\AppData\Roaming\npm\node_modules\yarn\bin\yarn.js init

PATH: 
  C:\Users\DogCststar\Documents\PowerShell\Modules\oh-my-posh;C:\Program Files\PowerShell\7;C:\Program Files (x86)\Common Files\Intel\Shared Libraries\redist\intel64\compiler;C:\Windows\system32;C:\Windows;C:\Windows\System32\Wbem;C:\Windows\System32\WindowsPowerShell\v1.0\;C:\Windows\System32\OpenSSH\;C:\Program Files\Git\cmd;C:\Program Files\nodejs\;C:\php;C:\Program Files\MySQL\MySQL Server 8.0\bin;C:\HashiCorp\Vagrant\bin;C:\Users\DogCststar\AppData\Roaming\Composer\vendor\bin;C:\Program Files\Go\bin;C:\Program Files\Docker\Docker\resources\bin;C:\ProgramData\DockerDesktop\version-bin;C:\Program Files\PowerShell\7\;C:\Program Files (x86)\Vim\vim82;C:\Ruby30-x64\bin;C:\Users\DogCststar\scoop\shims;C:\Users\DogCststar\AppData\Local\Programs\Python\Python39\Scripts\;C:\Users\DogCststar\AppData\Local\Programs\Python\Python39\;C:\Program Files\MySQL\MySQL Shell 8.0\bin\;C:\Users\DogCststar\AppData\Local\Microsoft\WindowsApps;C:\Users\DogCststar\AppData\Local\Programs\Microsoft VS Code\bin;C:\Users\DogCststar\AppData\Roaming\npm;C:\wp-cli;C:\Users\DogCststar\AppData\Local\ComposerSetup\bin;C:\Users\DogCststar\go\bin;C:\Users\DogCststar\apps\gsudo

Yarn version: 
  1.22.17

Node version: 
  14.17.5

Platform: 
  win32 x64

Trace: 
  Error: canceled
      at Interface.<anonymous> (C:\Users\DogCststar\AppData\Roaming\npm\node_modules\yarn\lib\cli.js:137143:13)
      at Interface.emit (events.js:400:28)
      at Interface._ttyWrite (readline.js:910:16)
      at ReadStream.onkeypress (readline.js:235:10)
      at ReadStream.emit (events.js:400:28)
      at emitKeys (internal/readline/utils.js:358:14)
      at emitKeys.next (<anonymous>)
      at ReadStream.onData (readline.js:1179:36)
      at ReadStream.emit (events.js:400:28)
      at addChunk (internal/streams/readable.js:290:12)

npm manifest: 
  {
    "name": "typescript-learn",
    "version": "1.0.0",
    "main": "index.js",
    "repository": "https://github.com/Freddy10-github/typescript-learn.git",
    "author": "Freddylo <freddy_luo@moneynet.tw>",
    "license": "MIT"
  }

yarn manifest: 
  No manifest

Lockfile: 
  No lockfile
